2021-04-26 12:03:02,231 - FoldingAccuracy0.998582
2021-04-26 12:06:03,960 - FoldingAccuracy0.996717
2021-04-26 12:09:03,264 - FoldingAccuracy0.996567
2021-04-26 12:11:59,529 - FoldingAccuracy0.997388
2021-04-26 12:14:56,445 - FoldingAccuracy0.992836
2021-04-26 12:17:52,667 - FoldingAccuracy0.996866
2021-04-26 12:20:47,658 - FoldingAccuracy0.998731
2021-04-26 12:23:42,044 - FoldingAccuracy0.994926
2021-04-26 12:26:36,841 - FoldingAccuracy0.990001
2021-04-26 12:29:32,623 - FoldingAccuracy0.991493
2021-04-26 12:29:32,623 - InferencesAccuracy0.995411
2021-04-26 14:10:47,169 - FoldingAccuracy:0.998582,PrecisionMicro:0.998582,RecallMicro:0.998582,FBetaMicro:0.998582
2021-04-26 14:23:27,218 - FoldingAccuracy:0.998582,PrecisionMicro:0.998582,RecallMicro:0.998582,FBetaMicro:0.998582,PrecisionMacro:0.499291,RecallMacro:0.500000,FBetaMacro:0.499645,PrecisionW:0.997167,RecallW:0.998582,FBetaW:0.997874
2021-04-26 14:23:31,316 - FoldingAccuracy:0.996717,PrecisionMicro:0.996717,RecallMicro:0.996717,FBetaMicro:0.996717,PrecisionMacro:0.498358,RecallMacro:0.500000,FBetaMacro:0.499178,PrecisionW:0.993445,RecallW:0.996717,FBetaW:0.995078
2021-04-26 14:23:35,473 - FoldingAccuracy:0.996567,PrecisionMicro:0.996567,RecallMicro:0.996567,FBetaMicro:0.996567,PrecisionMacro:0.498284,RecallMacro:0.500000,FBetaMacro:0.499140,PrecisionW:0.993147,RecallW:0.996567,FBetaW:0.994854
2021-04-26 14:23:39,528 - FoldingAccuracy:0.997388,PrecisionMicro:0.997388,RecallMicro:0.997388,FBetaMicro:0.997388,PrecisionMacro:0.498694,RecallMacro:0.500000,FBetaMacro:0.499346,PrecisionW:0.994783,RecallW:0.997388,FBetaW:0.996084
2021-04-26 14:23:43,587 - FoldingAccuracy:0.992836,PrecisionMicro:0.992836,RecallMicro:0.992836,FBetaMicro:0.992836,PrecisionMacro:0.496418,RecallMacro:0.500000,FBetaMacro:0.498203,PrecisionW:0.985724,RecallW:0.992836,FBetaW:0.989267
2021-04-26 14:23:47,660 - FoldingAccuracy:0.996866,PrecisionMicro:0.996866,RecallMicro:0.996866,FBetaMicro:0.996866,PrecisionMacro:0.498433,RecallMacro:0.500000,FBetaMacro:0.499215,PrecisionW:0.993742,RecallW:0.996866,FBetaW:0.995301
2021-04-26 14:23:51,745 - FoldingAccuracy:0.998731,PrecisionMicro:0.998731,RecallMicro:0.998731,FBetaMicro:0.998731,PrecisionMacro:0.499366,RecallMacro:0.500000,FBetaMacro:0.499683,PrecisionW:0.997464,RecallW:0.998731,FBetaW:0.998098
2021-04-26 14:23:55,855 - FoldingAccuracy:0.994926,PrecisionMicro:0.994926,RecallMicro:0.994926,FBetaMicro:0.994926,PrecisionMacro:0.497463,RecallMacro:0.500000,FBetaMacro:0.498728,PrecisionW:0.989877,RecallW:0.994926,FBetaW:0.992395
2021-04-26 14:24:00,091 - FoldingAccuracy:0.990001,PrecisionMicro:0.990001,RecallMicro:0.990001,FBetaMicro:0.990001,PrecisionMacro:0.495000,RecallMacro:0.500000,FBetaMacro:0.497488,PrecisionW:0.980101,RecallW:0.990001,FBetaW:0.985026
2021-04-26 14:24:04,303 - FoldingAccuracy:0.991493,PrecisionMicro:0.991493,RecallMicro:0.991493,FBetaMicro:0.991493,PrecisionMacro:0.495747,RecallMacro:0.500000,FBetaMacro:0.497864,PrecisionW:0.983059,RecallW:0.991493,FBetaW:0.987258
2021-04-26 14:24:04,304 - AFoldingAccuracy:0.995411,APrecisionMicro:0.995411,ARecallMicro:0.995411,AFBetaMicro:0.995411,APrecisionMacro:0.497705,ARecallMacro:0.500000,AFBetaMacro:0.498849,APrecisionW:0.990851,ARecallW:0.995411,AFBetaW:0.993124
2021-04-26 15:58:48,065 - FoldingAccuracy:0.998582,PrecisionMicro:0.998582,RecallMicro:0.998582,FBetaMicro:0.998582,PrecisionMacro:0.000000,RecallMacro:0.000000,FBetaMacro:0.000000,PrecisionW:0.997167,RecallW:0.998582,FBetaW:0.997874
2021-04-26 15:58:52,422 - FoldingAccuracy:0.996717,PrecisionMicro:0.996717,RecallMicro:0.996717,FBetaMicro:0.996717,PrecisionMacro:0.000000,RecallMacro:0.000000,FBetaMacro:0.000000,PrecisionW:0.993445,RecallW:0.996717,FBetaW:0.995078
2021-04-26 15:58:56,655 - FoldingAccuracy:0.996567,PrecisionMicro:0.996567,RecallMicro:0.996567,FBetaMicro:0.996567,PrecisionMacro:0.000000,RecallMacro:0.000000,FBetaMacro:0.000000,PrecisionW:0.993147,RecallW:0.996567,FBetaW:0.994854
2021-04-26 15:59:00,899 - FoldingAccuracy:0.997388,PrecisionMicro:0.997388,RecallMicro:0.997388,FBetaMicro:0.997388,PrecisionMacro:0.000000,RecallMacro:0.000000,FBetaMacro:0.000000,PrecisionW:0.994783,RecallW:0.997388,FBetaW:0.996084
2021-04-26 15:59:05,095 - FoldingAccuracy:0.992836,PrecisionMicro:0.992836,RecallMicro:0.992836,FBetaMicro:0.992836,PrecisionMacro:0.000000,RecallMacro:0.000000,FBetaMacro:0.000000,PrecisionW:0.985724,RecallW:0.992836,FBetaW:0.989267
2021-04-26 15:59:09,288 - FoldingAccuracy:0.996866,PrecisionMicro:0.996866,RecallMicro:0.996866,FBetaMicro:0.996866,PrecisionMacro:0.000000,RecallMacro:0.000000,FBetaMacro:0.000000,PrecisionW:0.993742,RecallW:0.996866,FBetaW:0.995301
2021-04-26 15:59:13,486 - FoldingAccuracy:0.998731,PrecisionMicro:0.998731,RecallMicro:0.998731,FBetaMicro:0.998731,PrecisionMacro:0.000000,RecallMacro:0.000000,FBetaMacro:0.000000,PrecisionW:0.997464,RecallW:0.998731,FBetaW:0.998098
2021-04-26 15:59:17,713 - FoldingAccuracy:0.994926,PrecisionMicro:0.994926,RecallMicro:0.994926,FBetaMicro:0.994926,PrecisionMacro:0.000000,RecallMacro:0.000000,FBetaMacro:0.000000,PrecisionW:0.989877,RecallW:0.994926,FBetaW:0.992395
2021-04-26 15:59:21,923 - FoldingAccuracy:0.990001,PrecisionMicro:0.990001,RecallMicro:0.990001,FBetaMicro:0.990001,PrecisionMacro:0.000000,RecallMacro:0.000000,FBetaMacro:0.000000,PrecisionW:0.980101,RecallW:0.990001,FBetaW:0.985026
2021-04-26 15:59:26,195 - FoldingAccuracy:0.991493,PrecisionMicro:0.991493,RecallMicro:0.991493,FBetaMicro:0.991493,PrecisionMacro:0.000000,RecallMacro:0.000000,FBetaMacro:0.000000,PrecisionW:0.983059,RecallW:0.991493,FBetaW:0.987258
2021-04-26 15:59:26,196 - AFoldingAccuracy:0.995411,APrecisionMicro:0.995411,ARecallMicro:0.995411,AFBetaMicro:0.995411,APrecisionMacro:0.000000,ARecallMacro:0.000000,AFBetaMacro:0.000000,APrecisionW:0.990851,ARecallW:0.995411,AFBetaW:0.993124
2021-04-26 16:00:58,410 - FoldingAccuracy:0.998582,PrecisionMicro:0.998582,RecallMicro:0.998582,FBetaMicro:0.998582,PrecisionMacro:0.499291,RecallMacro:0.500000,FBetaMacro:0.499645,PrecisionW:0.997167,RecallW:0.998582,FBetaW:0.997874
2021-04-26 16:01:02,518 - FoldingAccuracy:0.996717,PrecisionMicro:0.996717,RecallMicro:0.996717,FBetaMicro:0.996717,PrecisionMacro:0.498358,RecallMacro:0.500000,FBetaMacro:0.499178,PrecisionW:0.993445,RecallW:0.996717,FBetaW:0.995078
2021-04-26 16:01:06,618 - FoldingAccuracy:0.996567,PrecisionMicro:0.996567,RecallMicro:0.996567,FBetaMicro:0.996567,PrecisionMacro:0.498284,RecallMacro:0.500000,FBetaMacro:0.499140,PrecisionW:0.993147,RecallW:0.996567,FBetaW:0.994854
2021-04-26 16:01:10,692 - FoldingAccuracy:0.997388,PrecisionMicro:0.997388,RecallMicro:0.997388,FBetaMicro:0.997388,PrecisionMacro:0.498694,RecallMacro:0.500000,FBetaMacro:0.499346,PrecisionW:0.994783,RecallW:0.997388,FBetaW:0.996084
2021-04-26 16:01:14,801 - FoldingAccuracy:0.992836,PrecisionMicro:0.992836,RecallMicro:0.992836,FBetaMicro:0.992836,PrecisionMacro:0.496418,RecallMacro:0.500000,FBetaMacro:0.498203,PrecisionW:0.985724,RecallW:0.992836,FBetaW:0.989267
2021-04-26 16:01:18,863 - FoldingAccuracy:0.996866,PrecisionMicro:0.996866,RecallMicro:0.996866,FBetaMicro:0.996866,PrecisionMacro:0.498433,RecallMacro:0.500000,FBetaMacro:0.499215,PrecisionW:0.993742,RecallW:0.996866,FBetaW:0.995301
2021-04-26 16:01:22,961 - FoldingAccuracy:0.998731,PrecisionMicro:0.998731,RecallMicro:0.998731,FBetaMicro:0.998731,PrecisionMacro:0.499366,RecallMacro:0.500000,FBetaMacro:0.499683,PrecisionW:0.997464,RecallW:0.998731,FBetaW:0.998098
2021-04-26 16:01:27,047 - FoldingAccuracy:0.994926,PrecisionMicro:0.994926,RecallMicro:0.994926,FBetaMicro:0.994926,PrecisionMacro:0.497463,RecallMacro:0.500000,FBetaMacro:0.498728,PrecisionW:0.989877,RecallW:0.994926,FBetaW:0.992395
2021-04-26 16:01:31,143 - FoldingAccuracy:0.990001,PrecisionMicro:0.990001,RecallMicro:0.990001,FBetaMicro:0.990001,PrecisionMacro:0.495000,RecallMacro:0.500000,FBetaMacro:0.497488,PrecisionW:0.980101,RecallW:0.990001,FBetaW:0.985026
2021-04-26 16:01:35,342 - FoldingAccuracy:0.991493,PrecisionMicro:0.991493,RecallMicro:0.991493,FBetaMicro:0.991493,PrecisionMacro:0.495747,RecallMacro:0.500000,FBetaMacro:0.497864,PrecisionW:0.983059,RecallW:0.991493,FBetaW:0.987258
2021-04-26 16:01:35,344 - AFoldingAccuracy:0.995411,APrecisionMicro:0.995411,ARecallMicro:0.995411,AFBetaMicro:0.995411,APrecisionMacro:0.497705,ARecallMacro:0.500000,AFBetaMacro:0.498849,APrecisionW:0.990851,ARecallW:0.995411,AFBetaW:0.993124
